
-------------------------------------------------------
Graph edge distribution characteristics
-------------------------------------------------------
Number of vertices: 3072441
Number of edges: 234370166
Maximum number of edges: 104086210
Average number of edges: 7.81234e+07
Expected value of X^2: 6.74636e+15
Variance: 6.43095e+14
Standard deviation: 2.53593e+07
-------------------------------------------------------
Time to read input file and create distributed graph (in s): 1.27122
-------------------------------------------------------
File: com-orkut.ungraph.bin
-------------------------------------------------------
-------------------------------------------------------
64-bit datatype
-------------------------------------------------------
Average total time (in s), #Processes: 199.738, 3
Modularity, #Iterations: 0.632144, 91
MODS (final modularity * average time): 126.263
-------------------------------------------------------
