
-------------------------------------------------------
Graph edge distribution characteristics
-------------------------------------------------------
Number of vertices: 118142155
Number of edges: 1985689782
Maximum number of edges: 234285107
Average number of edges: 1.98569e+08
Expected value of X^2: 4.00493e+16
Variance: 6.19707e+14
Standard deviation: 2.48939e+07
-------------------------------------------------------
Time to read input file and create distributed graph (in s): 222.948
-------------------------------------------------------
File: webbase-2001.bin
-------------------------------------------------------
-------------------------------------------------------
64-bit datatype
-------------------------------------------------------
Average total time (in s), #Processes: 200.288, 10
Modularity, #Iterations: 0.458128, 14
MODS (final modularity * average time): 91.7577
-------------------------------------------------------
