
-------------------------------------------------------
Graph edge distribution characteristics
-------------------------------------------------------
Number of vertices: 118142155
Number of edges: 1985689782
Maximum number of edges: 218231604
Average number of edges: 1.80517e+08
Expected value of X^2: 3.31598e+16
Variance: 5.73354e+14
Standard deviation: 2.39448e+07
-------------------------------------------------------
Time to read input file and create distributed graph (in s): 223.731
-------------------------------------------------------
File: webbase-2001.bin
-------------------------------------------------------
-------------------------------------------------------
64-bit datatype
-------------------------------------------------------
Average total time (in s), #Processes: 198.899, 11
Modularity, #Iterations: 0.458128, 14
MODS (final modularity * average time): 91.1212
-------------------------------------------------------
