
-------------------------------------------------------
Graph edge distribution characteristics
-------------------------------------------------------
Number of vertices: 118142155
Number of edges: 1985689782
Maximum number of edges: 205285508
Average number of edges: 1.65474e+08
Expected value of X^2: 2.79329e+16
Variance: 5.5122e+14
Standard deviation: 2.34781e+07
-------------------------------------------------------
Time to read input file and create distributed graph (in s): 223.866
-------------------------------------------------------
File: webbase-2001.bin
-------------------------------------------------------
-------------------------------------------------------
64-bit datatype
-------------------------------------------------------
Average total time (in s), #Processes: 189.752, 12
Modularity, #Iterations: 0.458128, 14
MODS (final modularity * average time): 86.9309
-------------------------------------------------------
