
-------------------------------------------------------
Graph edge distribution characteristics
-------------------------------------------------------
Number of vertices: 118142155
Number of edges: 1985689782
Maximum number of edges: 191200930
Average number of edges: 1.52745e+08
Expected value of X^2: 2.38775e+16
Variance: 5.46314e+14
Standard deviation: 2.33734e+07
-------------------------------------------------------
Time to read input file and create distributed graph (in s): 226.855
-------------------------------------------------------
File: webbase-2001.bin
-------------------------------------------------------
-------------------------------------------------------
64-bit datatype
-------------------------------------------------------
Average total time (in s), #Processes: 191.261, 13
Modularity, #Iterations: 0.458128, 14
MODS (final modularity * average time): 87.6222
-------------------------------------------------------
