
-------------------------------------------------------
Graph edge distribution characteristics
-------------------------------------------------------
Number of vertices: 3072441
Number of edges: 234370166
Maximum number of edges: 27536337
Average number of edges: 1.56247e+07
Expected value of X^2: 2.84323e+14
Variance: 4.01926e+13
Standard deviation: 6.33976e+06
-------------------------------------------------------
Time to read input file and create distributed graph (in s): 0.525059
-------------------------------------------------------
File: com-orkut.ungraph.bin
-------------------------------------------------------
-------------------------------------------------------
64-bit datatype
-------------------------------------------------------
Average total time (in s), #Processes: 343.469, 15
Modularity, #Iterations: 0.632376, 97
MODS (final modularity * average time): 217.201
-------------------------------------------------------
