
-------------------------------------------------------
Graph edge distribution characteristics
-------------------------------------------------------
Number of vertices: 118142155
Number of edges: 1985689782
Maximum number of edges: 161960404
Average number of edges: 1.32379e+08
Expected value of X^2: 1.7977e+16
Variance: 4.52733e+14
Standard deviation: 2.12775e+07
-------------------------------------------------------
Time to read input file and create distributed graph (in s): 242.288
-------------------------------------------------------
File: webbase-2001.bin
-------------------------------------------------------
-------------------------------------------------------
64-bit datatype
-------------------------------------------------------
Average total time (in s), #Processes: 185.382, 15
Modularity, #Iterations: 0.458128, 14
MODS (final modularity * average time): 84.9289
-------------------------------------------------------
