
-------------------------------------------------------
Graph edge distribution characteristics
-------------------------------------------------------
Number of vertices: 118142155
Number of edges: 1985689782
Maximum number of edges: 138374675
Average number of edges: 1.10316e+08
Expected value of X^2: 1.25453e+16
Variance: 3.75692e+14
Standard deviation: 1.93828e+07
-------------------------------------------------------
Time to read input file and create distributed graph (in s): 247.496
-------------------------------------------------------
File: webbase-2001.bin
-------------------------------------------------------
-------------------------------------------------------
64-bit datatype
-------------------------------------------------------
Average total time (in s), #Processes: 215.711, 18
Modularity, #Iterations: 0.458128, 14
MODS (final modularity * average time): 98.8235
-------------------------------------------------------
