
-------------------------------------------------------
Graph edge distribution characteristics
-------------------------------------------------------
Number of vertices: 3072441
Number of edges: 234370166
Maximum number of edges: 22131046
Average number of edges: 1.23353e+07
Expected value of X^2: 1.77712e+14
Variance: 2.55527e+13
Standard deviation: 5.05497e+06
-------------------------------------------------------
Time to read input file and create distributed graph (in s): 0.442394
-------------------------------------------------------
File: com-orkut.ungraph.bin
-------------------------------------------------------
-------------------------------------------------------
64-bit datatype
-------------------------------------------------------
Average total time (in s), #Processes: 345.127, 19
Modularity, #Iterations: 0.632127, 91
MODS (final modularity * average time): 218.164
-------------------------------------------------------
