
-------------------------------------------------------
Graph edge distribution characteristics
-------------------------------------------------------
Number of vertices: 118142155
Number of edges: 1985689782
Maximum number of edges: 132521238
Average number of edges: 1.0451e+08
Expected value of X^2: 1.12848e+16
Variance: 3.62415e+14
Standard deviation: 1.90372e+07
-------------------------------------------------------
Time to read input file and create distributed graph (in s): 248.804
-------------------------------------------------------
File: webbase-2001.bin
-------------------------------------------------------
-------------------------------------------------------
64-bit datatype
-------------------------------------------------------
Average total time (in s), #Processes: 212.035, 19
Modularity, #Iterations: 0.458128, 14
MODS (final modularity * average time): 97.1391
-------------------------------------------------------
