
-------------------------------------------------------
Graph edge distribution characteristics
-------------------------------------------------------
Number of vertices: 118142155
Number of edges: 1985689782
Maximum number of edges: 1985689782
Average number of edges: 1.98569e+09
Expected value of X^2: 3.94296e+18
Variance: 0
Standard deviation: 0
-------------------------------------------------------
Time to read input file and create distributed graph (in s): 163.421
-------------------------------------------------------
File: webbase-2001.bin
-------------------------------------------------------
-------------------------------------------------------
64-bit datatype
-------------------------------------------------------
Average total time (in s), #Processes: 71.5515, 1
Modularity, #Iterations: 0.458128, 14
MODS (final modularity * average time): 32.7797
-------------------------------------------------------
