
-------------------------------------------------------
Graph edge distribution characteristics
-------------------------------------------------------
Number of vertices: 118142155
Number of edges: 1985689782
Maximum number of edges: 125244164
Average number of edges: 9.92845e+07
Expected value of X^2: 1.01941e+16
Variance: 3.36641e+14
Standard deviation: 1.83478e+07
-------------------------------------------------------
Time to read input file and create distributed graph (in s): 253.696
-------------------------------------------------------
File: webbase-2001.bin
-------------------------------------------------------
-------------------------------------------------------
64-bit datatype
-------------------------------------------------------
Average total time (in s), #Processes: 213.927, 20
Modularity, #Iterations: 0.458128, 14
MODS (final modularity * average time): 98.0059
-------------------------------------------------------
