
-------------------------------------------------------
Graph edge distribution characteristics
-------------------------------------------------------
Number of vertices: 3072441
Number of edges: 234370166
Maximum number of edges: 148303518
Average number of edges: 1.17185e+08
Expected value of X^2: 1.47007e+16
Variance: 9.68357e+14
Standard deviation: 3.11184e+07
-------------------------------------------------------
Time to read input file and create distributed graph (in s): 1.84188
-------------------------------------------------------
File: com-orkut.ungraph.bin
-------------------------------------------------------
-------------------------------------------------------
64-bit datatype
-------------------------------------------------------
Average total time (in s), #Processes: 176.356, 2
Modularity, #Iterations: 0.632144, 91
MODS (final modularity * average time): 111.482
-------------------------------------------------------
