
-------------------------------------------------------
Graph edge distribution characteristics
-------------------------------------------------------
Number of vertices: 118142155
Number of edges: 1985689782
Maximum number of edges: 1065511054
Average number of edges: 9.92845e+08
Expected value of X^2: 9.91021e+17
Variance: 5.28037e+15
Standard deviation: 7.26662e+07
-------------------------------------------------------
Time to read input file and create distributed graph (in s): 214.024
-------------------------------------------------------
File: webbase-2001.bin
-------------------------------------------------------
-------------------------------------------------------
64-bit datatype
-------------------------------------------------------
Average total time (in s), #Processes: 241.194, 2
Modularity, #Iterations: 0.458128, 14
MODS (final modularity * average time): 110.498
-------------------------------------------------------
