
-------------------------------------------------------
Graph edge distribution characteristics
-------------------------------------------------------
Number of vertices: 118142155
Number of edges: 1985689782
Maximum number of edges: 709441807
Average number of edges: 6.61897e+08
Expected value of X^2: 4.40889e+17
Variance: 2.78204e+15
Standard deviation: 5.2745e+07
-------------------------------------------------------
Time to read input file and create distributed graph (in s): 164.926
-------------------------------------------------------
File: webbase-2001.bin
-------------------------------------------------------
-------------------------------------------------------
64-bit datatype
-------------------------------------------------------
Average total time (in s), #Processes: 257.618, 3
Modularity, #Iterations: 0.458128, 14
MODS (final modularity * average time): 118.022
-------------------------------------------------------
