
-------------------------------------------------------
Graph edge distribution characteristics
-------------------------------------------------------
Number of vertices: 118142155
Number of edges: 1985689782
Maximum number of edges: 458425421
Average number of edges: 3.97138e+08
Expected value of X^2: 1.59223e+17
Variance: 1.50481e+15
Standard deviation: 3.87919e+07
-------------------------------------------------------
Time to read input file and create distributed graph (in s): 196.697
-------------------------------------------------------
File: webbase-2001.bin
-------------------------------------------------------
-------------------------------------------------------
64-bit datatype
-------------------------------------------------------
Average total time (in s), #Processes: 245.577, 5
Modularity, #Iterations: 0.458128, 14
MODS (final modularity * average time): 112.506
-------------------------------------------------------
