
-------------------------------------------------------
Graph edge distribution characteristics
-------------------------------------------------------
Number of vertices: 118142155
Number of edges: 1985689782
Maximum number of edges: 379957152
Average number of edges: 3.30948e+08
Expected value of X^2: 1.10523e+17
Variance: 9.96395e+14
Standard deviation: 3.15657e+07
-------------------------------------------------------
Time to read input file and create distributed graph (in s): 199.865
-------------------------------------------------------
File: webbase-2001.bin
-------------------------------------------------------
-------------------------------------------------------
64-bit datatype
-------------------------------------------------------
Average total time (in s), #Processes: 232.949, 6
Modularity, #Iterations: 0.458128, 14
MODS (final modularity * average time): 106.721
-------------------------------------------------------
