
-------------------------------------------------------
Graph edge distribution characteristics
-------------------------------------------------------
Number of vertices: 118142155
Number of edges: 1985689782
Maximum number of edges: 298783065
Average number of edges: 2.48211e+08
Expected value of X^2: 6.24568e+16
Variance: 8.48003e+14
Standard deviation: 2.91205e+07
-------------------------------------------------------
Time to read input file and create distributed graph (in s): 197.663
-------------------------------------------------------
File: webbase-2001.bin
-------------------------------------------------------
-------------------------------------------------------
64-bit datatype
-------------------------------------------------------
Average total time (in s), #Processes: 218.842, 8
Modularity, #Iterations: 0.458128, 14
MODS (final modularity * average time): 100.258
-------------------------------------------------------
