
-------------------------------------------------------
Graph edge distribution characteristics
-------------------------------------------------------
Number of vertices: 118142155
Number of edges: 1985689782
Maximum number of edges: 259805173
Average number of edges: 2.20632e+08
Expected value of X^2: 4.93429e+16
Variance: 6.64367e+14
Standard deviation: 2.57753e+07
-------------------------------------------------------
Time to read input file and create distributed graph (in s): 208.293
-------------------------------------------------------
File: webbase-2001.bin
-------------------------------------------------------
-------------------------------------------------------
64-bit datatype
-------------------------------------------------------
Average total time (in s), #Processes: 208.888, 9
Modularity, #Iterations: 0.458128, 14
MODS (final modularity * average time): 95.6973
-------------------------------------------------------
